#
# A fatal error has been detected by the Java Runtime Environment:
#
#  SIGSEGV (0xb) at pc=0x0000000107f5937c, pid=1229, tid=18435
#
# JRE version: Java(TM) SE Runtime Environment (7.0_51-b13) (build 1.7.0_51-b13)
# Java VM: Java HotSpot(TM) 64-Bit Server VM (24.51-b03 mixed mode bsd-amd64 compressed oops)
# Problematic frame:
# V  [libjvm.dylib+0x33337c]
#
# Failed to write core dump. Core dumps have been disabled. To enable core dumping, try "ulimit -c unlimited" before starting Java again
#
# If you would like to submit a bug report, please visit:
#   http://bugreport.sun.com/bugreport/crash.jsp
#

---------------  T H R E A D  ---------------

Current thread (0x00007ff7c2817800):  JavaThread "JDWP Transport Listener: dt_socket" daemon [_thread_in_vm, id=18435, stack(0x0000000112b6b000,0x0000000112c6b000)]

siginfo:si_signo=SIGSEGV: si_errno=0, si_code=0 (SEGV0), si_addr=0x0000000000000000

Registers:
RAX=0x0000000000000001, RBX=0x0000000112c6aa8b, RCX=0x00000000000fc080, RDX=0x0000000112c6aa8b
RSP=0x0000000112c6a9f0, RBP=0x0000000112c6aa40, RSI=0x00007ff7c2817800, RDI=0x00007ff7c1701c30
R8 =0x00007ff7c170c400, R9 =0x00007ff7c170e1b0, R10=0x0000000044502d8c, R11=0x00000000eb2d8c29
R12=0x00007ff7c2817800, R13=0x8000000000000000, R14=0x8000000000000000, R15=0x00007ff7c1701c30
RIP=0x0000000107f5937c, EFLAGS=0x0000000000010286, ERR=0x0000000000000000
  TRAPNO=0x000000000000000d

Top of Stack: (sp=0x0000000112c6a9f0)
0x0000000112c6a9f0:   00007ff7c2817800 0000000000000000
0x0000000112c6aa00:   0000000000000000 0000000000000000
0x0000000112c6aa10:   00007ff7c2817800 00007ff7c2817800
0x0000000112c6aa20:   0000000112c6aa8b 0000000112c6aa90
0x0000000112c6aa30:   8000000000000000 0000000000000004
0x0000000112c6aa40:   0000000112c6aa60 00000001090201f8
0x0000000112c6aa50:   0000000000000001 0000000112c6ab08
0x0000000112c6aa60:   0000000112c6aad0 000000010900502b
0x0000000112c6aa70:   0000000112c6aaa0 00007ff7c170dad0
0x0000000112c6aa80:   0000000500000032 0000000800c6ab08
0x0000000112c6aa90:   0000000000000000 0000000000000000
0x0000000112c6aaa0:   0000000000000000 0000000112c6ac90
0x0000000112c6aab0:   0000000109027dc0 00007ff7c1614880
0x0000000112c6aac0:   0000000112c6ab08 0000000109033578
0x0000000112c6aad0:   0000000112c6aae0 0000000109005124
0x0000000112c6aae0:   0000000112c6ad00 000000010900e6b2
0x0000000112c6aaf0:   0000092a00000013 00000000000f0200
0x0000000112c6ab00:   00007ff7c1614690 0000000112c6abe6
0x0000000112c6ab10:   00007ff70000009e 0000000112c6ab20
0x0000000112c6ab20:   00007ff70000008e 0000000112c6ab58
0x0000000112c6ab30:   0000000000000000 00007f0000000000
0x0000000112c6ab40:   0000092a0000001c 00007fff0000fe80
0x0000000112c6ab50:   0000000112c6ab58 f77f000005000000
0x0000000112c6ab60:   06000000305550c1 00003e74696e693c
0x0000000112c6ab70:   0000005629280300 7f00000100000000
0x0000000112c6ab80:   000000385550c1f7 6f7475416c656407
0x0000000112c6ab90:   0056292803000000 0008000000000000
0x0000000112c6aba0:   00b08951c1f77f00 74616470750a0000
0x0000000112c6abb0:   0000006f74754165 0000000056292803
0x0000000112c6abc0:   f77f00000a000000 07000000d05450c1
0x0000000112c6abd0:   006f747541646461 0000562928030000
0x0000000112c6abe0:   2f6c080000000000 65727275636e6f63 

Instructions: (pc=0x0000000107f5937c)
0x0000000107f5935c:   00 00 00 41 f6 87 68 01 00 00 10 75 07 b8 63 00
0x0000000107f5936c:   00 00 eb 7a 4d 85 f6 75 07 b8 17 00 00 00 eb 6e
0x0000000107f5937c:   4d 8b 36 48 b8 fe fe fe fe fe fe fe fe 49 39 c6
0x0000000107f5938c:   74 e7 4d 85 f6 74 e2 48 8d 05 f6 f8 4c 00 80 38 

Register to memory mapping:

RAX=0x0000000000000001 is an unknown value
RBX=0x0000000112c6aa8b is pointing into the stack for thread: 0x00007ff7c2817800
RCX=0x00000000000fc080 is an unknown value
RDX=0x0000000112c6aa8b is pointing into the stack for thread: 0x00007ff7c2817800
RSP=0x0000000112c6a9f0 is pointing into the stack for thread: 0x00007ff7c2817800
RBP=0x0000000112c6aa40 is pointing into the stack for thread: 0x00007ff7c2817800
RSI=0x00007ff7c2817800 is a thread
RDI=0x00007ff7c1701c30 is an unknown value
R8 =0x00007ff7c170c400 is an unknown value
R9 =0x00007ff7c170e1b0 is an unknown value
R10=0x0000000044502d8c is an unknown value
R11=0x00000000eb2d8c29 is an unknown value
R12=0x00007ff7c2817800 is a thread
R13=0x8000000000000000 is an unknown value
R14=0x8000000000000000 is an unknown value
R15=0x00007ff7c1701c30 is an unknown value


Stack: [0x0000000112b6b000,0x0000000112c6b000],  sp=0x0000000112c6a9f0,  free space=1022k
Native frames: (J=compiled Java code, j=interpreted, Vv=VM code, C=native code)
V  [libjvm.dylib+0x33337c]
C  [libjdwp.dylib+0x201f8]  isMethodSynthetic+0x63
C  [libjdwp.dylib+0x502b]  methods1+0x10b
C  [libjdwp.dylib+0x5124]  methodsWithGeneric+0xe
C  [libjdwp.dylib+0xe6b2]  debugLoop_run+0x1ce
C  [libjdwp.dylib+0x1f132]  attachThread+0x4d
V  [libjvm.dylib+0x373f9e]
V  [libjvm.dylib+0x4efb57]
V  [libjvm.dylib+0x4f125f]
V  [libjvm.dylib+0x41b1d6]
C  [libsystem_pthread.dylib+0x1899]  _pthread_body+0x8a
C  [libsystem_pthread.dylib+0x172a]  _pthread_struct_init+0x0
C  [libsystem_pthread.dylib+0x5fc9]  thread_start+0xd


---------------  P R O C E S S  ---------------

Java Threads: ( => current thread )
  0x00007ff7c2818000 JavaThread "Service Thread" daemon [_thread_blocked, id=20995, stack(0x000000011307a000,0x000000011317a000)]
  0x00007ff7c2819000 JavaThread "C2 CompilerThread1" daemon [_thread_blocked, id=20483, stack(0x0000000112f77000,0x0000000113077000)]
  0x00007ff7c301d800 JavaThread "C2 CompilerThread0" daemon [_thread_blocked, id=19971, stack(0x0000000112e74000,0x0000000112f74000)]
  0x00007ff7c202b800 JavaThread "JDWP Command Reader" daemon [_thread_in_native, id=19459, stack(0x0000000112d71000,0x0000000112e71000)]
  0x00007ff7c201c800 JavaThread "JDWP Event Helper Thread" daemon [_thread_blocked, id=18947, stack(0x0000000112c6e000,0x0000000112d6e000)]
=>0x00007ff7c2817800 JavaThread "JDWP Transport Listener: dt_socket" daemon [_thread_in_vm, id=18435, stack(0x0000000112b6b000,0x0000000112c6b000)]
  0x00007ff7c2020000 JavaThread "Signal Dispatcher" daemon [_thread_blocked, id=17923, stack(0x0000000112a62000,0x0000000112b62000)]
  0x00007ff7c2019800 JavaThread "Finalizer" daemon [_thread_blocked, id=12547, stack(0x00000001127a7000,0x00000001128a7000)]
  0x00007ff7c2019000 JavaThread "Reference Handler" daemon [_thread_blocked, id=12035, stack(0x00000001126a4000,0x00000001127a4000)]
  0x00007ff7c180a000 JavaThread "main" [_thread_blocked, id=4867, stack(0x000000010867a000,0x000000010877a000)]

Other Threads:
  0x00007ff7c2018800 VMThread [stack: 0x00000001125a1000,0x00000001126a1000] [id=11523]
  0x00007ff7c1814800 WatcherThread [stack: 0x000000011317d000,0x000000011327d000] [id=21507]

VM state:not at safepoint (normal execution)

VM Mutex/Monitor currently owned by a thread: None

Heap
 PSYoungGen      total 38912K, used 2027K [0x00000007d5500000, 0x00000007d8000000, 0x0000000800000000)
  eden space 33792K, 6% used [0x00000007d5500000,0x00000007d56faeb8,0x00000007d7600000)
  from space 5120K, 0% used [0x00000007d7b00000,0x00000007d7b00000,0x00000007d8000000)
  to   space 5120K, 0% used [0x00000007d7600000,0x00000007d7600000,0x00000007d7b00000)
 ParOldGen       total 87040K, used 0K [0x0000000780000000, 0x0000000785500000, 0x00000007d5500000)
  object space 87040K, 0% used [0x0000000780000000,0x0000000780000000,0x0000000785500000)
 PSPermGen       total 21504K, used 2645K [0x000000077ae00000, 0x000000077c300000, 0x0000000780000000)
  object space 21504K, 12% used [0x000000077ae00000,0x000000077b095608,0x000000077c300000)

Card table byte_map: [0x000000010c0fd000,0x000000010c527000] byte_map_base: 0x0000000108526000

Polling page: 0x00000001087cf000

Code Cache  [0x000000010903d000, 0x00000001092ad000, 0x000000010c03d000)
 total_blobs=177 nmethods=3 adapters=137 free_code_cache=48766Kb largest_free_block=49919296

Compilation events (6 events):
Event: 0.275 Thread 0x00007ff7c301d800    1             java.lang.String::hashCode (55 bytes)
Event: 0.275 Thread 0x00007ff7c2819000    2             java.lang.String::indexOf (70 bytes)
Event: 0.284 Thread 0x00007ff7c301d800 nmethod 1 0x00000001090a1710 code [0x00000001090a1860, 0x00000001090a1a18]
Event: 0.284 Thread 0x00007ff7c2819000 nmethod 2 0x000000010909de10 code [0x000000010909df60, 0x000000010909e148]
Event: 0.295 Thread 0x00007ff7c2819000    3             sun.nio.cs.UTF_8$Encoder::encode (361 bytes)
Event: 0.312 Thread 0x00007ff7c2819000 nmethod 3 0x000000010909e550 code [0x000000010909e700, 0x000000010909eff8]

GC Heap History (0 events):
No events

Deoptimization events (0 events):
No events

Internal exceptions (10 events):
Event: 0.291 Thread 0x00007ff7c180a000 Threw 0x00000007d56532b0 at /HUDSON/workspace/7u-2-build-macosx-x86_64/jdk7u51/527/hotspot/src/share/vm/prims/jvm.cpp:1244
Event: 0.291 Thread 0x00007ff7c180a000 Threw 0x00000007d5653500 at /HUDSON/workspace/7u-2-build-macosx-x86_64/jdk7u51/527/hotspot/src/share/vm/prims/jvm.cpp:1244
Event: 0.294 Thread 0x00007ff7c180a000 Threw 0x00000007d56597a8 at /HUDSON/workspace/7u-2-build-macosx-x86_64/jdk7u51/527/hotspot/src/share/vm/prims/jvm.cpp:1244
Event: 0.295 Thread 0x00007ff7c180a000 Threw 0x00000007d565c200 at /HUDSON/workspace/7u-2-build-macosx-x86_64/jdk7u51/527/hotspot/src/share/vm/prims/jvm.cpp:1244
Event: 0.295 Thread 0x00007ff7c180a000 Threw 0x00000007d565e730 at /HUDSON/workspace/7u-2-build-macosx-x86_64/jdk7u51/527/hotspot/src/share/vm/prims/jvm.cpp:1244
Event: 0.296 Thread 0x00007ff7c180a000 Threw 0x00000007d5660c98 at /HUDSON/workspace/7u-2-build-macosx-x86_64/jdk7u51/527/hotspot/src/share/vm/prims/jvm.cpp:1244
Event: 0.297 Thread 0x00007ff7c180a000 Threw 0x00000007d56632d8 at /HUDSON/workspace/7u-2-build-macosx-x86_64/jdk7u51/527/hotspot/src/share/vm/prims/jvm.cpp:1244
Event: 0.298 Thread 0x00007ff7c180a000 Threw 0x00000007d5665b58 at /HUDSON/workspace/7u-2-build-macosx-x86_64/jdk7u51/527/hotspot/src/share/vm/prims/jvm.cpp:1244
Event: 0.299 Thread 0x00007ff7c180a000 Threw 0x00000007d566a268 at /HUDSON/workspace/7u-2-build-macosx-x86_64/jdk7u51/527/hotspot/src/share/vm/prims/jvm.cpp:1244
Event: 0.300 Thread 0x00007ff7c180a000 Threw 0x00000007d566d630 at /HUDSON/workspace/7u-2-build-macosx-x86_64/jdk7u51/527/hotspot/src/share/vm/prims/jvm.cpp:1244

Events (10 events):
Event: 906.599 Executing VM operation: EnterInterpOnlyMode
Event: 906.599 Executing VM operation: EnterInterpOnlyMode done
Event: 906.599 Executing VM operation: GetCurrentLocation
Event: 906.599 Executing VM operation: GetCurrentLocation done
Event: 906.599 Executing VM operation: ChangeSingleStep
Event: 906.599 Executing VM operation: ChangeSingleStep done
Event: 906.600 Executing VM operation: ChangeSingleStep
Event: 906.600 Executing VM operation: ChangeSingleStep done
Event: 1715.340 Executing VM operation: RedefineClasses
Event: 1715.340 Executing VM operation: RedefineClasses done


Dynamic libraries:
0x0000000000156000 	/System/Library/Frameworks/Cocoa.framework/Versions/A/Cocoa
0x0000000000156000 	/System/Library/Frameworks/Security.framework/Versions/A/Security
0x0000000000156000 	/System/Library/Frameworks/ApplicationServices.framework/Versions/A/ApplicationServices
0x0000000000156000 	/usr/lib/libz.1.dylib
0x0000000000156000 	/usr/lib/libSystem.B.dylib
0x0000000000156000 	/usr/lib/libobjc.A.dylib
0x0000000000156000 	/System/Library/Frameworks/CoreFoundation.framework/Versions/A/CoreFoundation
0x0000000000156000 	/System/Library/Frameworks/Foundation.framework/Versions/C/Foundation
0x0000000000156000 	/System/Library/Frameworks/AppKit.framework/Versions/C/AppKit
0x0000000000156000 	/System/Library/Frameworks/CoreData.framework/Versions/A/CoreData
0x0000000000156000 	/System/Library/PrivateFrameworks/RemoteViewServices.framework/Versions/A/RemoteViewServices
0x0000000000156000 	/System/Library/Frameworks/AudioToolbox.framework/Versions/A/AudioToolbox
0x0000000000156000 	/System/Library/Frameworks/AudioUnit.framework/Versions/A/AudioUnit
0x0000000000156000 	/System/Library/PrivateFrameworks/DataDetectorsCore.framework/Versions/A/DataDetectorsCore
0x0000000000156000 	/System/Library/PrivateFrameworks/DesktopServicesPriv.framework/Versions/A/DesktopServicesPriv
0x0000000000156000 	/System/Library/Frameworks/Carbon.framework/Versions/A/Frameworks/HIToolbox.framework/Versions/A/HIToolbox
0x0000000000156000 	/System/Library/Frameworks/QuartzCore.framework/Versions/A/QuartzCore
0x0000000000156000 	/System/Library/Frameworks/Carbon.framework/Versions/A/Frameworks/SpeechRecognition.framework/Versions/A/SpeechRecognition
0x0000000000156000 	/usr/lib/libauto.dylib
0x0000000000156000 	/usr/lib/libicucore.A.dylib
0x0000000000156000 	/usr/lib/libxml2.2.dylib
0x0000000000156000 	/System/Library/PrivateFrameworks/CoreUI.framework/Versions/A/CoreUI
0x0000000000156000 	/System/Library/Frameworks/CoreAudio.framework/Versions/A/CoreAudio
0x0000000000156000 	/System/Library/Frameworks/DiskArbitration.framework/Versions/A/DiskArbitration
0x0000000000156000 	/usr/lib/liblangid.dylib
0x0000000000156000 	/System/Library/PrivateFrameworks/MultitouchSupport.framework/Versions/A/MultitouchSupport
0x0000000000156000 	/System/Library/Frameworks/IOKit.framework/Versions/A/IOKit
0x0000000000156000 	/usr/lib/libDiagnosticMessagesClient.dylib
0x0000000000156000 	/System/Library/Frameworks/CoreServices.framework/Versions/A/CoreServices
0x0000000000156000 	/System/Library/PrivateFrameworks/PerformanceAnalysis.framework/Versions/A/PerformanceAnalysis
0x0000000000156000 	/System/Library/PrivateFrameworks/GenerationalStorage.framework/Versions/A/GenerationalStorage
0x0000000000156000 	/System/Library/Frameworks/OpenGL.framework/Versions/A/OpenGL
0x0000000000156000 	/System/Library/PrivateFrameworks/Sharing.framework/Versions/A/Sharing
0x0000000000156000 	/System/Library/Frameworks/ImageIO.framework/Versions/A/ImageIO
0x0000000000156000 	/System/Library/Frameworks/CoreText.framework/Versions/A/CoreText
0x0000000000156000 	/System/Library/Frameworks/CoreGraphics.framework/Versions/A/CoreGraphics
0x0000000000156000 	/System/Library/PrivateFrameworks/Backup.framework/Versions/A/Backup
0x0000000000156000 	/System/Library/Frameworks/CFNetwork.framework/Versions/A/CFNetwork
0x0000000000156000 	/System/Library/Frameworks/SystemConfiguration.framework/Versions/A/SystemConfiguration
0x0000000000156000 	/usr/lib/libCRFSuite.dylib
0x0000000000156000 	/usr/lib/libc++.1.dylib
0x0000000000156000 	/usr/lib/libc++abi.dylib
0x0000000000156000 	/usr/lib/system/libcache.dylib
0x0000000000156000 	/usr/lib/system/libcommonCrypto.dylib
0x0000000000156000 	/usr/lib/system/libcompiler_rt.dylib
0x0000000000156000 	/usr/lib/system/libcopyfile.dylib
0x0000000000156000 	/usr/lib/system/libcorecrypto.dylib
0x0000000000156000 	/usr/lib/system/libdispatch.dylib
0x0000000000156000 	/usr/lib/system/libdyld.dylib
0x0000000000156000 	/usr/lib/system/libkeymgr.dylib
0x0000000000156000 	/usr/lib/system/liblaunch.dylib
0x0000000000156000 	/usr/lib/system/libmacho.dylib
0x0000000000156000 	/usr/lib/system/libquarantine.dylib
0x0000000000156000 	/usr/lib/system/libremovefile.dylib
0x0000000000156000 	/usr/lib/system/libsystem_asl.dylib
0x0000000000156000 	/usr/lib/system/libsystem_blocks.dylib
0x0000000000156000 	/usr/lib/system/libsystem_c.dylib
0x0000000000156000 	/usr/lib/system/libsystem_configuration.dylib
0x0000000000156000 	/usr/lib/system/libsystem_dnssd.dylib
0x0000000000156000 	/usr/lib/system/libsystem_info.dylib
0x0000000000156000 	/usr/lib/system/libsystem_kernel.dylib
0x0000000000156000 	/usr/lib/system/libsystem_m.dylib
0x0000000000156000 	/usr/lib/system/libsystem_malloc.dylib
0x0000000000156000 	/usr/lib/system/libsystem_network.dylib
0x0000000000156000 	/usr/lib/system/libsystem_notify.dylib
0x0000000000156000 	/usr/lib/system/libsystem_platform.dylib
0x0000000000156000 	/usr/lib/system/libsystem_pthread.dylib
0x0000000000156000 	/usr/lib/system/libsystem_sandbox.dylib
0x0000000000156000 	/usr/lib/system/libsystem_stats.dylib
0x0000000000156000 	/usr/lib/system/libunc.dylib
0x0000000000156000 	/usr/lib/system/libunwind.dylib
0x0000000000156000 	/usr/lib/system/libxpc.dylib
0x0000000000156000 	/usr/lib/libbsm.0.dylib
0x0000000000156000 	/usr/lib/libsqlite3.dylib
0x0000000000156000 	/usr/lib/libxar.1.dylib
0x0000000000156000 	/usr/lib/libpam.2.dylib
0x0000000000156000 	/usr/lib/libOpenScriptingUtil.dylib
0x0000000000156000 	/usr/lib/libbz2.1.0.dylib
0x0000000000156000 	/System/Library/Frameworks/CoreServices.framework/Versions/A/Frameworks/CarbonCore.framework/Versions/A/CarbonCore
0x0000000000156000 	/System/Library/Frameworks/CoreServices.framework/Versions/A/Frameworks/Metadata.framework/Versions/A/Metadata
0x0000000000156000 	/System/Library/Frameworks/CoreServices.framework/Versions/A/Frameworks/OSServices.framework/Versions/A/OSServices
0x0000000000156000 	/System/Library/Frameworks/CoreServices.framework/Versions/A/Frameworks/SearchKit.framework/Versions/A/SearchKit
0x0000000000156000 	/System/Library/Frameworks/CoreServices.framework/Versions/A/Frameworks/AE.framework/Versions/A/AE
0x0000000000156000 	/System/Library/Frameworks/CoreServices.framework/Versions/A/Frameworks/LaunchServices.framework/Versions/A/LaunchServices
0x0000000000156000 	/System/Library/Frameworks/CoreServices.framework/Versions/A/Frameworks/DictionaryServices.framework/Versions/A/DictionaryServices
0x0000000000156000 	/System/Library/Frameworks/NetFS.framework/Versions/A/NetFS
0x0000000000156000 	/usr/lib/system/libkxld.dylib
0x0000000000156000 	/System/Library/PrivateFrameworks/NetAuth.framework/Versions/A/NetAuth
0x0000000000156000 	/System/Library/PrivateFrameworks/TCC.framework/Versions/A/TCC
0x0000000000156000 	/System/Library/Frameworks/OpenDirectory.framework/Versions/A/Frameworks/CFOpenDirectory.framework/Versions/A/CFOpenDirectory
0x0000000000156000 	/System/Library/Frameworks/ServiceManagement.framework/Versions/A/ServiceManagement
0x0000000000156000 	/usr/lib/libxslt.1.dylib
0x0000000000156000 	/System/Library/Frameworks/Carbon.framework/Versions/A/Frameworks/Ink.framework/Versions/A/Ink
0x0000000000156000 	/System/Library/Frameworks/ApplicationServices.framework/Versions/A/Frameworks/ATS.framework/Versions/A/ATS
0x0000000000156000 	/System/Library/Frameworks/ApplicationServices.framework/Versions/A/Frameworks/ColorSync.framework/Versions/A/ColorSync
0x0000000000156000 	/System/Library/Frameworks/ApplicationServices.framework/Versions/A/Frameworks/HIServices.framework/Versions/A/HIServices
0x0000000000156000 	/System/Library/Frameworks/ApplicationServices.framework/Versions/A/Frameworks/LangAnalysis.framework/Versions/A/LangAnalysis
0x0000000000156000 	/System/Library/Frameworks/ApplicationServices.framework/Versions/A/Frameworks/PrintCore.framework/Versions/A/PrintCore
0x0000000000156000 	/System/Library/Frameworks/ApplicationServices.framework/Versions/A/Frameworks/QD.framework/Versions/A/QD
0x0000000000156000 	/System/Library/Frameworks/ApplicationServices.framework/Versions/A/Frameworks/SpeechSynthesis.framework/Versions/A/SpeechSynthesis
0x0000000000156000 	/System/Library/Frameworks/IOSurface.framework/Versions/A/IOSurface
0x0000000000156000 	/System/Library/Frameworks/Accelerate.framework/Versions/A/Accelerate
0x0000000000156000 	/System/Library/Frameworks/Accelerate.framework/Versions/A/Frameworks/vImage.framework/Versions/A/vImage
0x0000000000156000 	/System/Library/Frameworks/Accelerate.framework/Versions/A/Frameworks/vecLib.framework/Versions/A/vecLib
0x0000000000156000 	/System/Library/Frameworks/Accelerate.framework/Versions/A/Frameworks/vecLib.framework/Versions/A/libvDSP.dylib
0x0000000000156000 	/System/Library/Frameworks/Accelerate.framework/Versions/A/Frameworks/vecLib.framework/Versions/A/libvMisc.dylib
0x0000000000156000 	/System/Library/Frameworks/Accelerate.framework/Versions/A/Frameworks/vecLib.framework/Versions/A/libLAPACK.dylib
0x0000000000156000 	/System/Library/Frameworks/Accelerate.framework/Versions/A/Frameworks/vecLib.framework/Versions/A/libBLAS.dylib
0x0000000000156000 	/System/Library/Frameworks/ApplicationServices.framework/Versions/A/Frameworks/ATS.framework/Versions/A/Resources/libFontParser.dylib
0x0000000000156000 	/System/Library/Frameworks/ApplicationServices.framework/Versions/A/Frameworks/ATS.framework/Versions/A/Resources/libFontRegistry.dylib
0x0000000000156000 	/System/Library/Frameworks/ImageIO.framework/Versions/A/Resources/libJPEG.dylib
0x0000000000156000 	/System/Library/Frameworks/ImageIO.framework/Versions/A/Resources/libTIFF.dylib
0x0000000000156000 	/System/Library/Frameworks/ImageIO.framework/Versions/A/Resources/libPng.dylib
0x0000000000156000 	/System/Library/Frameworks/ImageIO.framework/Versions/A/Resources/libGIF.dylib
0x0000000000156000 	/System/Library/Frameworks/ImageIO.framework/Versions/A/Resources/libJP2.dylib
0x0000000000156000 	/System/Library/Frameworks/ImageIO.framework/Versions/A/Resources/libRadiance.dylib
0x0000000000156000 	/usr/lib/libcups.2.dylib
0x0000000000156000 	/System/Library/Frameworks/Kerberos.framework/Versions/A/Kerberos
0x0000000000156000 	/System/Library/Frameworks/GSS.framework/Versions/A/GSS
0x0000000000156000 	/usr/lib/libresolv.9.dylib
0x0000000000156000 	/usr/lib/libiconv.2.dylib
0x0000000000156000 	/System/Library/PrivateFrameworks/Heimdal.framework/Versions/A/Heimdal
0x0000000000156000 	/System/Library/PrivateFrameworks/TrustEvaluationAgent.framework/Versions/A/TrustEvaluationAgent
0x0000000000156000 	/usr/lib/libheimdal-asn1.dylib
0x0000000000156000 	/System/Library/Frameworks/OpenDirectory.framework/Versions/A/OpenDirectory
0x0000000000156000 	/System/Library/PrivateFrameworks/CommonAuth.framework/Versions/A/CommonAuth
0x0000000000156000 	/System/Library/Frameworks/SecurityFoundation.framework/Versions/A/SecurityFoundation
0x0000000000156000 	/System/Library/PrivateFrameworks/Bom.framework/Versions/A/Bom
0x0000000000156000 	/System/Library/Frameworks/CoreVideo.framework/Versions/A/CoreVideo
0x0000000000156000 	/System/Library/Frameworks/QuartzCore.framework/Versions/A/Frameworks/CoreImage.framework/Versions/A/CoreImage
0x0000000000156000 	/System/Library/Frameworks/QuartzCore.framework/Versions/A/Frameworks/ScalableUserInterface.framework/Versions/A/ScalableUserInterface
0x0000000000156000 	/System/Library/Frameworks/OpenGL.framework/Versions/A/Libraries/libGLU.dylib
0x0000000000156000 	/System/Library/Frameworks/OpenGL.framework/Versions/A/Libraries/libGFXShared.dylib
0x0000000000156000 	/System/Library/Frameworks/OpenGL.framework/Versions/A/Libraries/libGL.dylib
0x0000000000156000 	/System/Library/Frameworks/OpenGL.framework/Versions/A/Libraries/libGLImage.dylib
0x0000000000156000 	/System/Library/Frameworks/OpenGL.framework/Versions/A/Libraries/libCVMSPluginSupport.dylib
0x0000000000156000 	/System/Library/Frameworks/OpenGL.framework/Versions/A/Libraries/libCoreVMClient.dylib
0x0000000000156000 	/System/Library/PrivateFrameworks/FaceCore.framework/Versions/A/FaceCore
0x0000000000156000 	/System/Library/PrivateFrameworks/CrashReporterSupport.framework/Versions/A/CrashReporterSupport
0x0000000000156000 	/System/Library/Frameworks/OpenCL.framework/Versions/A/OpenCL
0x0000000000156000 	/System/Library/PrivateFrameworks/AppleFSCompression.framework/Versions/A/AppleFSCompression
0x0000000000156000 	/System/Library/PrivateFrameworks/Ubiquity.framework/Versions/A/Ubiquity
0x0000000000156000 	/System/Library/PrivateFrameworks/IconServices.framework/Versions/A/IconServices
0x0000000000156000 	/System/Library/PrivateFrameworks/ChunkingLibrary.framework/Versions/A/ChunkingLibrary
0x0000000000156000 	/System/Library/PrivateFrameworks/CoreSymbolication.framework/Versions/A/CoreSymbolication
0x0000000000156000 	/System/Library/PrivateFrameworks/Symbolication.framework/Versions/A/Symbolication
0x0000000000156000 	/System/Library/PrivateFrameworks/DebugSymbols.framework/Versions/A/DebugSymbols
0x0000000107c26000 	/Library/Java/JavaVirtualMachines/jdk1.7.0_51.jdk/Contents/Home/jre/lib/server/libjvm.dylib
0x0000000000156000 	/usr/lib/libstdc++.6.dylib
0x0000000108792000 	/Library/Java/JavaVirtualMachines/jdk1.7.0_51.jdk/Contents/Home/jre/lib/libverify.dylib
0x000000010879f000 	/Library/Java/JavaVirtualMachines/jdk1.7.0_51.jdk/Contents/Home/jre/lib/libjava.dylib
0x0000000109000000 	/Library/Java/JavaVirtualMachines/jdk1.7.0_51.jdk/Contents/Home/jre/lib/libjdwp.dylib
0x00000001087d0000 	/Library/Java/JavaVirtualMachines/jdk1.7.0_51.jdk/Contents/Home/jre/lib/libnpt.dylib
0x00000001087dd000 	/Library/Java/JavaVirtualMachines/jdk1.7.0_51.jdk/Contents/Home/jre/lib/libzip.dylib
0x00000001087e7000 	/System/Library/Frameworks/JavaVM.framework/Frameworks/JavaRuntimeSupport.framework/JavaRuntimeSupport
0x00000001128a9000 	/System/Library/Frameworks/JavaVM.framework/Versions/A/Frameworks/JavaNativeFoundation.framework/Versions/A/JavaNativeFoundation
0x00000001128be000 	/System/Library/Frameworks/JavaVM.framework/Versions/A/JavaVM
0x0000000000156000 	/System/Library/Frameworks/Carbon.framework/Versions/A/Carbon
0x00000001128cb000 	/System/Library/PrivateFrameworks/JavaLaunching.framework/Versions/A/JavaLaunching
0x0000000000156000 	/System/Library/Frameworks/Carbon.framework/Versions/A/Frameworks/CommonPanels.framework/Versions/A/CommonPanels
0x0000000000156000 	/System/Library/Frameworks/Carbon.framework/Versions/A/Frameworks/Help.framework/Versions/A/Help
0x0000000000156000 	/System/Library/Frameworks/Carbon.framework/Versions/A/Frameworks/ImageCapture.framework/Versions/A/ImageCapture
0x0000000000156000 	/System/Library/Frameworks/Carbon.framework/Versions/A/Frameworks/OpenScripting.framework/Versions/A/OpenScripting
0x0000000000156000 	/System/Library/Frameworks/Carbon.framework/Versions/A/Frameworks/Print.framework/Versions/A/Print
0x0000000000156000 	/System/Library/Frameworks/Carbon.framework/Versions/A/Frameworks/SecurityHI.framework/Versions/A/SecurityHI
0x0000000112b64000 	/Library/Java/JavaVirtualMachines/jdk1.7.0_51.jdk/Contents/Home/jre/lib/libdt_socket.dylib

VM Arguments:
jvm_args: -agentlib:jdwp=transport=dt_socket,suspend=y,address=localhost:50320 -Dfile.encoding=US-ASCII 
java_command: test.DriverUnit6DB
Launcher Type: SUN_STANDARD

Environment Variables:
PATH=/usr/bin:/bin:/usr/sbin:/sbin
SHELL=/bin/bash
DISPLAY=/tmp/launch-6fOXrF/org.macosforge.xquartz:0

Signal Handlers:
SIGSEGV: [libjvm.dylib+0x525425], sa_mask[0]=0xfffefeff, sa_flags=0x00000043
SIGBUS: [libjvm.dylib+0x525425], sa_mask[0]=0xfffefeff, sa_flags=0x00000042
SIGFPE: [libjvm.dylib+0x41892a], sa_mask[0]=0xfffefeff, sa_flags=0x00000042
SIGPIPE: [libjvm.dylib+0x41892a], sa_mask[0]=0xfffefeff, sa_flags=0x00000042
SIGXFSZ: [libjvm.dylib+0x41892a], sa_mask[0]=0xfffefeff, sa_flags=0x00000042
SIGILL: [libjvm.dylib+0x41892a], sa_mask[0]=0xfffefeff, sa_flags=0x00000042
SIGUSR1: SIG_DFL, sa_mask[0]=0x00000000, sa_flags=0x00000002
SIGUSR2: [libjvm.dylib+0x41841c], sa_mask[0]=0x00000004, sa_flags=0x00000042
SIGHUP: [libjvm.dylib+0x4166ab], sa_mask[0]=0xfffefeff, sa_flags=0x00000042
SIGINT: [libjvm.dylib+0x4166ab], sa_mask[0]=0xfffefeff, sa_flags=0x00000042
SIGTERM: [libjvm.dylib+0x4166ab], sa_mask[0]=0xfffefeff, sa_flags=0x00000042
SIGQUIT: [libjvm.dylib+0x4166ab], sa_mask[0]=0xfffefeff, sa_flags=0x00000042


---------------  S Y S T E M  ---------------

OS:Bsduname:Darwin 13.0.0 Darwin Kernel Version 13.0.0: Thu Sep 19 22:22:27 PDT 2013; root:xnu-2422.1.72~6/RELEASE_X86_64 x86_64
rlimit: STACK 8192k, CORE 0k, NPROC 709, NOFILE 10240, AS infinity
load average:2.29 2.35 2.67

CPU:total 4 (2 cores per cpu, 2 threads per core) family 6 model 58 stepping 9, cmov, cx8, fxsr, mmx, sse, sse2, sse3, ssse3, sse4.1, sse4.2, popcnt, avx, aes, erms, ht, tsc, tscinvbit, tscinv

Memory: 4k page, physical 8388608k(2097152k free)

/proc/meminfo:


vm_info: Java HotSpot(TM) 64-Bit Server VM (24.51-b03) for bsd-amd64 JRE (1.7.0_51-b13), built on Dec 18 2013 18:45:56 by "java_re" with gcc 4.2.1 (Based on Apple Inc. build 5658) (LLVM build 2336.11.00)

time: Wed Mar 12 00:09:54 2014
elapsed time: 1715 seconds

